<?xml version="1.0" encoding="UTF-8"?>
<!-- Generated by org.testng.reporters.JUnitReportReporter -->
<testsuite hostname="DESKTOP-QQLB49O" failures="0" tests="4" name="projecttestNG.testngtask2$testngtask21" time="0.027" errors="0" timestamp="2024-05-24T00:41:54 IST" skipped="0">
  <testcase classname="projecttestNG.testngtask2$testngtask21" name="addictiction" time="0.005"/>
  <testcase classname="projecttestNG.testngtask2$testngtask21" name="division" time="0.005"/>
  <testcase classname="projecttestNG.testngtask2$testngtask21" name="multiplication" time="0.005"/>
  <testcase classname="projecttestNG.testngtask2$testngtask21" name="substraraction" time="0.012"/>
</testsuite> <!-- projecttestNG.testngtask2$testngtask21 -->
